mode: set
godesignpatterns/Chapter2/creational/singleton/abstract_factory/car_factory.go:12.57,13.11 1 1
godesignpatterns/Chapter2/creational/singleton/abstract_factory/car_factory.go:14.21,15.29 1 1
godesignpatterns/Chapter2/creational/singleton/abstract_factory/car_factory.go:16.21,17.29 1 0
godesignpatterns/Chapter2/creational/singleton/abstract_factory/car_factory.go:18.10,19.65 1 0
godesignpatterns/Chapter2/creational/singleton/abstract_factory/luxury_car.go:5.36,7.2 1 1
godesignpatterns/Chapter2/creational/singleton/abstract_factory/luxury_car.go:8.37,10.2 1 1
godesignpatterns/Chapter2/creational/singleton/abstract_factory/luxury_car.go:11.36,13.2 1 0
godesignpatterns/Chapter2/creational/singleton/abstract_factory/motorbike_factory.go:14.63,15.11 1 1
godesignpatterns/Chapter2/creational/singleton/abstract_factory/motorbike_factory.go:16.26,17.34 1 1
godesignpatterns/Chapter2/creational/singleton/abstract_factory/motorbike_factory.go:18.27,19.35 1 0
godesignpatterns/Chapter2/creational/singleton/abstract_factory/motorbike_factory.go:20.10,21.65 1 0
godesignpatterns/Chapter2/creational/singleton/abstract_factory/sport_motorbike.go:5.42,7.2 1 1
godesignpatterns/Chapter2/creational/singleton/abstract_factory/sport_motorbike.go:8.41,10.2 1 0
godesignpatterns/Chapter2/creational/singleton/abstract_factory/sport_motorbike.go:11.49,13.2 1 1
godesignpatterns/Chapter2/creational/singleton/abstract_factory/cruise_motorbike.go:5.43,7.2 1 0
godesignpatterns/Chapter2/creational/singleton/abstract_factory/cruise_motorbike.go:9.42,11.2 1 0
godesignpatterns/Chapter2/creational/singleton/abstract_factory/cruise_motorbike.go:13.50,15.2 1 0
godesignpatterns/Chapter2/creational/singleton/abstract_factory/family_car.go:5.36,7.2 1 0
godesignpatterns/Chapter2/creational/singleton/abstract_factory/family_car.go:8.37,10.2 1 0
godesignpatterns/Chapter2/creational/singleton/abstract_factory/family_car.go:11.36,13.2 1 0
godesignpatterns/Chapter2/creational/singleton/abstract_factory/vehicle_factory.go:16.55,17.11 1 1
godesignpatterns/Chapter2/creational/singleton/abstract_factory/vehicle_factory.go:18.22,19.30 1 1
godesignpatterns/Chapter2/creational/singleton/abstract_factory/vehicle_factory.go:20.28,21.36 1 1
godesignpatterns/Chapter2/creational/singleton/abstract_factory/vehicle_factory.go:22.10,23.65 1 0
